16-Dec-2023 16:55:28.321 INFO [main] org.apache.catalina.startup.VersionLoggerListener.log Server version name:   Apache Tomcat/9.0.83
16-Dec-2023 16:55:28.328 INFO [main] org.apache.catalina.startup.VersionLoggerListener.log Server built:          Nov 9 2023 20:57:42 UTC
16-Dec-2023 16:55:28.329 INFO [main] org.apache.catalina.startup.VersionLoggerListener.log Server version number: 9.0.83.0
16-Dec-2023 16:55:28.329 INFO [main] org.apache.catalina.startup.VersionLoggerListener.log OS Name:               Mac OS X
16-Dec-2023 16:55:28.330 INFO [main] org.apache.catalina.startup.VersionLoggerListener.log Версия ОС:             14.1.2
16-Dec-2023 16:55:28.331 INFO [main] org.apache.catalina.startup.VersionLoggerListener.log Архитектура:           x86_64
16-Dec-2023 16:55:28.332 INFO [main] org.apache.catalina.startup.VersionLoggerListener.log Java Home:             /Users/elizavetaefrosinina/.sdkman/candidates/java/17.0.8.1-tem
16-Dec-2023 16:55:28.333 INFO [main] org.apache.catalina.startup.VersionLoggerListener.log Версия JVM:            17.0.8.1+1
16-Dec-2023 16:55:28.333 INFO [main] org.apache.catalina.startup.VersionLoggerListener.log Производитель JVM:     Eclipse Adoptium
16-Dec-2023 16:55:28.333 INFO [main] org.apache.catalina.startup.VersionLoggerListener.log CATALINA_BASE:         /Users/elizavetaefrosinina/Desktop/PP_3_1
16-Dec-2023 16:55:28.333 INFO [main] org.apache.catalina.startup.VersionLoggerListener.log CATALINA_HOME:         /Users/elizavetaefrosinina/Downloads/apache-tomcat-9.0.83
16-Dec-2023 16:55:28.346 INFO [main] org.apache.catalina.startup.VersionLoggerListener.log Command line argument: --add-opens=java.base/java.lang=ALL-UNNAMED
16-Dec-2023 16:55:28.346 INFO [main] org.apache.catalina.startup.VersionLoggerListener.log Command line argument: --add-opens=java.base/java.io=ALL-UNNAMED
16-Dec-2023 16:55:28.346 INFO [main] org.apache.catalina.startup.VersionLoggerListener.log Command line argument: --add-opens=java.base/java.util=ALL-UNNAMED
16-Dec-2023 16:55:28.346 INFO [main] org.apache.catalina.startup.VersionLoggerListener.log Command line argument: --add-opens=java.base/java.util.concurrent=ALL-UNNAMED
16-Dec-2023 16:55:28.346 INFO [main] org.apache.catalina.startup.VersionLoggerListener.log Command line argument: --add-opens=java.rmi/sun.rmi.transport=ALL-UNNAMED
16-Dec-2023 16:55:28.347 INFO [main] org.apache.catalina.startup.VersionLoggerListener.log Command line argument: -Dcatalina.home=/Users/elizavetaefrosinina/Downloads/apache-tomcat-9.0.83
16-Dec-2023 16:55:28.347 INFO [main] org.apache.catalina.startup.VersionLoggerListener.log Command line argument: -Dcatalina.base=/Users/elizavetaefrosinina/Desktop/PP_3_1
16-Dec-2023 16:55:28.349 INFO [main] org.apache.catalina.startup.VersionLoggerListener.log Command line argument: -Djava.io.tmpdir=/Users/elizavetaefrosinina/Desktop/PP_3_1/temp
16-Dec-2023 16:55:28.349 INFO [main] org.apache.catalina.startup.VersionLoggerListener.log Command line argument: -Djava.util.logging.config.file=/Users/elizavetaefrosinina/Desktop/PP_3_1/conf/logging.properties
16-Dec-2023 16:55:28.349 INFO [main] org.apache.catalina.startup.VersionLoggerListener.log Command line argument: -Djava.util.logging.manager=org.apache.juli.ClassLoaderLogManager
16-Dec-2023 16:55:28.349 INFO [main] org.apache.catalina.startup.VersionLoggerListener.log Command line argument: -javaagent:/Users/elizavetaefrosinina/Applications/IntelliJ IDEA Community Edition.app/Contents/lib/idea_rt.jar=49653:/Users/elizavetaefrosinina/Applications/IntelliJ IDEA Community Edition.app/Contents/bin
16-Dec-2023 16:55:28.349 INFO [main] org.apache.catalina.startup.VersionLoggerListener.log Command line argument: -Dfile.encoding=UTF-8
16-Dec-2023 16:55:28.361 INFO [main] org.apache.catalina.core.AprLifecycleListener.lifecycleEvent The Apache Tomcat Native library which allows using OpenSSL was not found on the java.library.path: [/Users/elizavetaefrosinina/Library/Java/Extensions:/Library/Java/Extensions:/Network/Library/Java/Extensions:/System/Library/Java/Extensions:/usr/lib/java:.]
16-Dec-2023 16:55:28.948 INFO [main] org.apache.coyote.AbstractProtocol.init Инициализация ProtocolHandler ["http-nio-7070"]
16-Dec-2023 16:55:28.993 INFO [main] org.apache.catalina.startup.Catalina.load Server initialization in [970] milliseconds
16-Dec-2023 16:55:29.056 INFO [main] org.apache.catalina.core.StandardService.startInternal Starting service [Catalina]
16-Dec-2023 16:55:29.057 INFO [main] org.apache.catalina.core.StandardEngine.startInternal Starting Servlet engine: [Apache Tomcat/9.0.83]
16-Dec-2023 16:55:29.064 INFO [main] org.apache.catalina.startup.HostConfig.deployDescriptor Deploying deployment descriptor [/Users/elizavetaefrosinina/Desktop/PP_3_1/conf/Catalina/localhost/PP_3_1.xml]
16-Dec-2023 16:55:29.387 WARNING [main] org.apache.tomcat.util.descriptor.web.WebXml.setVersion Unknown version string [5.0]. Default version will be used.
16-Dec-2023 16:55:29.410 WARNING [main] org.apache.tomcat.util.descriptor.web.WebXml.setVersion Unknown version string [6.0]. Default version will be used.
16-Dec-2023 16:55:29.414 WARNING [main] org.apache.tomcat.util.descriptor.web.WebXml.setVersion Unknown version string [6.0]. Default version will be used.
16-Dec-2023 16:55:32.076 INFO [main] org.apache.jasper.servlet.TldScanner.scanJars At least one JAR was scanned for TLDs yet contained no TLDs. Enable debug logging for this logger for a complete list of JARs that were scanned but no TLDs were found in them. Skipping unneeded JARs during scanning can improve startup time and JSP compilation time.
16-Dec-2023 16:55:32.151 INFO [main] org.apache.catalina.startup.HostConfig.deployDescriptor Deployment of deployment descriptor [/Users/elizavetaefrosinina/Desktop/PP_3_1/conf/Catalina/localhost/PP_3_1.xml] has finished in [3 083] ms
16-Dec-2023 16:55:32.155 INFO [main] org.apache.coyote.AbstractProtocol.start Starting ProtocolHandler ["http-nio-7070"]
16-Dec-2023 16:55:32.166 INFO [main] org.apache.catalina.startup.Catalina.start Server startup in [3172] milliseconds
16-Dec-2023 16:55:32.171 SEVERE [main] org.apache.catalina.core.StandardServer.await Failed to create server shutdown socket on address [localhost] and port [8005] (base port [8005] and offset [0])
	java.net.BindException: Address already in use
		at java.base/sun.nio.ch.Net.bind0(Native Method)
		at java.base/sun.nio.ch.Net.bind(Net.java:555)
		at java.base/sun.nio.ch.Net.bind(Net.java:544)
		at java.base/sun.nio.ch.NioSocketImpl.bind(NioSocketImpl.java:648)
		at java.base/java.net.ServerSocket.bind(ServerSocket.java:388)
		at java.base/java.net.ServerSocket.<init>(ServerSocket.java:274)
		at org.apache.catalina.core.StandardServer.await(StandardServer.java:581)
		at org.apache.catalina.startup.Catalina.await(Catalina.java:864)
		at org.apache.catalina.startup.Catalina.start(Catalina.java:810)
		at java.base/jdk.internal.reflect.NativeMethodAccessorImpl.invoke0(Native Method)
		at java.base/jdk.internal.reflect.NativeMethodAccessorImpl.invoke(NativeMethodAccessorImpl.java:77)
		at java.base/jdk.internal.reflect.DelegatingMethodAccessorImpl.invoke(DelegatingMethodAccessorImpl.java:43)
		at java.base/java.lang.reflect.Method.invoke(Method.java:568)
		at org.apache.catalina.startup.Bootstrap.start(Bootstrap.java:347)
		at org.apache.catalina.startup.Bootstrap.main(Bootstrap.java:478)
16-Dec-2023 16:55:32.172 INFO [main] org.apache.coyote.AbstractProtocol.pause Pausing ProtocolHandler ["http-nio-7070"]
16-Dec-2023 16:55:32.179 INFO [main] org.apache.catalina.core.StandardService.stopInternal Stopping service [Catalina]
16-Dec-2023 16:55:32.190 INFO [main] org.apache.coyote.AbstractProtocol.stop Stopping ProtocolHandler ["http-nio-7070"]
16-Dec-2023 16:55:32.204 INFO [main] org.apache.coyote.AbstractProtocol.destroy Destroying ProtocolHandler ["http-nio-7070"]
16-Dec-2023 16:56:54.308 INFO [main] org.apache.catalina.startup.VersionLoggerListener.log Server version name:   Apache Tomcat/9.0.83
16-Dec-2023 16:56:54.314 INFO [main] org.apache.catalina.startup.VersionLoggerListener.log Server built:          Nov 9 2023 20:57:42 UTC
16-Dec-2023 16:56:54.314 INFO [main] org.apache.catalina.startup.VersionLoggerListener.log Server version number: 9.0.83.0
16-Dec-2023 16:56:54.314 INFO [main] org.apache.catalina.startup.VersionLoggerListener.log OS Name:               Mac OS X
16-Dec-2023 16:56:54.315 INFO [main] org.apache.catalina.startup.VersionLoggerListener.log Версия ОС:             14.1.2
16-Dec-2023 16:56:54.316 INFO [main] org.apache.catalina.startup.VersionLoggerListener.log Архитектура:           x86_64
16-Dec-2023 16:56:54.316 INFO [main] org.apache.catalina.startup.VersionLoggerListener.log Java Home:             /Users/elizavetaefrosinina/.sdkman/candidates/java/17.0.8.1-tem
16-Dec-2023 16:56:54.317 INFO [main] org.apache.catalina.startup.VersionLoggerListener.log Версия JVM:            17.0.8.1+1
16-Dec-2023 16:56:54.317 INFO [main] org.apache.catalina.startup.VersionLoggerListener.log Производитель JVM:     Eclipse Adoptium
16-Dec-2023 16:56:54.317 INFO [main] org.apache.catalina.startup.VersionLoggerListener.log CATALINA_BASE:         /Users/elizavetaefrosinina/Desktop/PP_3_1
16-Dec-2023 16:56:54.317 INFO [main] org.apache.catalina.startup.VersionLoggerListener.log CATALINA_HOME:         /Users/elizavetaefrosinina/Downloads/apache-tomcat-9.0.83
16-Dec-2023 16:56:54.334 INFO [main] org.apache.catalina.startup.VersionLoggerListener.log Command line argument: --add-opens=java.base/java.lang=ALL-UNNAMED
16-Dec-2023 16:56:54.334 INFO [main] org.apache.catalina.startup.VersionLoggerListener.log Command line argument: --add-opens=java.base/java.io=ALL-UNNAMED
16-Dec-2023 16:56:54.335 INFO [main] org.apache.catalina.startup.VersionLoggerListener.log Command line argument: --add-opens=java.base/java.util=ALL-UNNAMED
16-Dec-2023 16:56:54.335 INFO [main] org.apache.catalina.startup.VersionLoggerListener.log Command line argument: --add-opens=java.base/java.util.concurrent=ALL-UNNAMED
16-Dec-2023 16:56:54.335 INFO [main] org.apache.catalina.startup.VersionLoggerListener.log Command line argument: --add-opens=java.rmi/sun.rmi.transport=ALL-UNNAMED
16-Dec-2023 16:56:54.335 INFO [main] org.apache.catalina.startup.VersionLoggerListener.log Command line argument: -Dcatalina.home=/Users/elizavetaefrosinina/Downloads/apache-tomcat-9.0.83
16-Dec-2023 16:56:54.335 INFO [main] org.apache.catalina.startup.VersionLoggerListener.log Command line argument: -Dcatalina.base=/Users/elizavetaefrosinina/Desktop/PP_3_1
16-Dec-2023 16:56:54.335 INFO [main] org.apache.catalina.startup.VersionLoggerListener.log Command line argument: -Djava.io.tmpdir=/Users/elizavetaefrosinina/Desktop/PP_3_1/temp
16-Dec-2023 16:56:54.336 INFO [main] org.apache.catalina.startup.VersionLoggerListener.log Command line argument: -Djava.util.logging.config.file=/Users/elizavetaefrosinina/Desktop/PP_3_1/conf/logging.properties
16-Dec-2023 16:56:54.336 INFO [main] org.apache.catalina.startup.VersionLoggerListener.log Command line argument: -Djava.util.logging.manager=org.apache.juli.ClassLoaderLogManager
16-Dec-2023 16:56:54.338 INFO [main] org.apache.catalina.startup.VersionLoggerListener.log Command line argument: -javaagent:/Users/elizavetaefrosinina/Applications/IntelliJ IDEA Community Edition.app/Contents/lib/idea_rt.jar=49682:/Users/elizavetaefrosinina/Applications/IntelliJ IDEA Community Edition.app/Contents/bin
16-Dec-2023 16:56:54.338 INFO [main] org.apache.catalina.startup.VersionLoggerListener.log Command line argument: -Dfile.encoding=UTF-8
16-Dec-2023 16:56:54.349 INFO [main] org.apache.catalina.core.AprLifecycleListener.lifecycleEvent The Apache Tomcat Native library which allows using OpenSSL was not found on the java.library.path: [/Users/elizavetaefrosinina/Library/Java/Extensions:/Library/Java/Extensions:/Network/Library/Java/Extensions:/System/Library/Java/Extensions:/usr/lib/java:.]
16-Dec-2023 16:56:54.930 INFO [main] org.apache.coyote.AbstractProtocol.init Инициализация ProtocolHandler ["http-nio-7070"]
16-Dec-2023 16:56:54.979 INFO [main] org.apache.catalina.startup.Catalina.load Server initialization in [977] milliseconds
16-Dec-2023 16:56:55.056 INFO [main] org.apache.catalina.core.StandardService.startInternal Starting service [Catalina]
16-Dec-2023 16:56:55.056 INFO [main] org.apache.catalina.core.StandardEngine.startInternal Starting Servlet engine: [Apache Tomcat/9.0.83]
16-Dec-2023 16:56:55.063 INFO [main] org.apache.catalina.startup.HostConfig.deployDescriptor Deploying deployment descriptor [/Users/elizavetaefrosinina/Desktop/PP_3_1/conf/Catalina/localhost/ROOT.xml]
16-Dec-2023 16:56:55.391 WARNING [main] org.apache.tomcat.util.descriptor.web.WebXml.setVersion Unknown version string [5.0]. Default version will be used.
16-Dec-2023 16:56:55.417 WARNING [main] org.apache.tomcat.util.descriptor.web.WebXml.setVersion Unknown version string [6.0]. Default version will be used.
16-Dec-2023 16:56:55.423 WARNING [main] org.apache.tomcat.util.descriptor.web.WebXml.setVersion Unknown version string [6.0]. Default version will be used.
16-Dec-2023 16:56:57.804 INFO [main] org.apache.jasper.servlet.TldScanner.scanJars At least one JAR was scanned for TLDs yet contained no TLDs. Enable debug logging for this logger for a complete list of JARs that were scanned but no TLDs were found in them. Skipping unneeded JARs during scanning can improve startup time and JSP compilation time.
16-Dec-2023 16:56:57.878 INFO [main] org.apache.catalina.startup.HostConfig.deployDescriptor Deployment of deployment descriptor [/Users/elizavetaefrosinina/Desktop/PP_3_1/conf/Catalina/localhost/ROOT.xml] has finished in [2 810] ms
16-Dec-2023 16:56:57.881 INFO [main] org.apache.coyote.AbstractProtocol.start Starting ProtocolHandler ["http-nio-7070"]
16-Dec-2023 16:56:57.891 INFO [main] org.apache.catalina.startup.Catalina.start Server startup in [2911] milliseconds
16-Dec-2023 16:56:57.895 SEVERE [main] org.apache.catalina.core.StandardServer.await Failed to create server shutdown socket on address [localhost] and port [8005] (base port [8005] and offset [0])
	java.net.BindException: Address already in use
		at java.base/sun.nio.ch.Net.bind0(Native Method)
		at java.base/sun.nio.ch.Net.bind(Net.java:555)
		at java.base/sun.nio.ch.Net.bind(Net.java:544)
		at java.base/sun.nio.ch.NioSocketImpl.bind(NioSocketImpl.java:648)
		at java.base/java.net.ServerSocket.bind(ServerSocket.java:388)
		at java.base/java.net.ServerSocket.<init>(ServerSocket.java:274)
		at org.apache.catalina.core.StandardServer.await(StandardServer.java:581)
		at org.apache.catalina.startup.Catalina.await(Catalina.java:864)
		at org.apache.catalina.startup.Catalina.start(Catalina.java:810)
		at java.base/jdk.internal.reflect.NativeMethodAccessorImpl.invoke0(Native Method)
		at java.base/jdk.internal.reflect.NativeMethodAccessorImpl.invoke(NativeMethodAccessorImpl.java:77)
		at java.base/jdk.internal.reflect.DelegatingMethodAccessorImpl.invoke(DelegatingMethodAccessorImpl.java:43)
		at java.base/java.lang.reflect.Method.invoke(Method.java:568)
		at org.apache.catalina.startup.Bootstrap.start(Bootstrap.java:347)
		at org.apache.catalina.startup.Bootstrap.main(Bootstrap.java:478)
16-Dec-2023 16:56:57.896 INFO [main] org.apache.coyote.AbstractProtocol.pause Pausing ProtocolHandler ["http-nio-7070"]
16-Dec-2023 16:56:57.902 INFO [main] org.apache.catalina.core.StandardService.stopInternal Stopping service [Catalina]
16-Dec-2023 16:56:57.913 INFO [main] org.apache.coyote.AbstractProtocol.stop Stopping ProtocolHandler ["http-nio-7070"]
16-Dec-2023 16:56:57.930 INFO [main] org.apache.coyote.AbstractProtocol.destroy Destroying ProtocolHandler ["http-nio-7070"]
